<?xml version="1.0" encoding="UTF-8"?>
<!-- Generated by org.testng.reporters.JUnitXMLReporter -->
<testsuite ignored="0" hostname="DESKTOP-NHIF91H" failures="0" tests="3" name="Default test" time="123.165" errors="0" timestamp="2024-08-29T10:23:05 PDT">
  <testcase classname="appium.NetworkTesting" name="testSpeed" time="87.251"/>
  <testcase classname="appium.NetworkTesting" name="testSpeed" time="33.007"/>
  <testcase classname="appium.NetworkTesting" name="testSpeed" time="2.805"/>
</testsuite> <!-- Default test -->
