<?xml version="1.0" encoding="UTF-8"?>
<!-- Generated by org.testng.reporters.JUnitXMLReporter -->
<testsuite ignored="1" hostname="DESKTOP-NHIF91H" failures="0" tests="1" name="Test1" time="48.891" errors="0" timestamp="2024-09-19T04:23:51 PDT">
  <testcase classname="dsfdsf.AgiliboTest" name="correctCredentials" time="24.361"/>
  <testcase classname="dsfdsf.AgiliboTest" name="incorrectCredentials" time="0.0">
    <ignored/>
  </testcase> <!-- incorrectCredentials -->
</testsuite> <!-- Test1 -->
