<?xml version="1.0" encoding="UTF-8"?>
<testng-results ignored="0" total="1" passed="1" failed="0" skipped="0">
  <reporter-output>
  </reporter-output>
  <suite started-at="2024-09-19T06:07:31 PDT" name="Default suite" finished-at="2024-09-19T06:08:12 PDT" duration-ms="40396">
    <groups>
    </groups>
    <test started-at="2024-09-19T06:07:31 PDT" name="Default test" finished-at="2024-09-19T06:08:12 PDT" duration-ms="40396">
      <class name="dsfdsf.AgiliboTest">
        <test-method is-config="true" signature="setup()[pri:0, instance:dsfdsf.AgiliboTest@3b0090a4]" started-at="2024-09-19T06:07:32 PDT" name="setup" finished-at="2024-09-19T06:07:52 PDT" duration-ms="20855" status="PASS">
          <reporter-output>
          </reporter-output>
        </test-method> <!-- setup -->
        <test-method signature="correctCredentials()[pri:0, instance:dsfdsf.AgiliboTest@3b0090a4]" started-at="2024-09-19T06:07:52 PDT" name="correctCredentials" finished-at="2024-09-19T06:08:12 PDT" duration-ms="19405" status="PASS">
          <reporter-output>
          </reporter-output>
        </test-method> <!-- correctCredentials -->
        <test-method is-config="true" signature="manageCapture(org.testng.ITestResult)[pri:0, instance:dsfdsf.AgiliboTest@3b0090a4]" started-at="2024-09-19T06:08:12 PDT" name="manageCapture" finished-at="2024-09-19T06:08:12 PDT" duration-ms="7" status="PASS">
          <params>
            <param index="0">
              <value>
                <![CDATA[[TestResult name=correctCredentials status=SUCCESS method=AgiliboTest.correctCredentials()[pri:0, instance:dsfdsf.AgiliboTest@3b0090a4] output={null}]]]>
              </value>
            </param>
          </params>
          <reporter-output>
          </reporter-output>
        </test-method> <!-- manageCapture -->
      </class> <!-- dsfdsf.AgiliboTest -->
    </test> <!-- Default test -->
  </suite> <!-- Default suite -->
</testng-results>
