<?xml version="1.0" encoding="UTF-8"?>
<testng-results ignored="0" total="3" passed="3" failed="0" skipped="0">
  <reporter-output>
  </reporter-output>
  <suite started-at="2024-08-29T10:21:02 PDT" name="Default suite" finished-at="2024-08-29T10:23:05 PDT" duration-ms="123165">
    <groups>
    </groups>
    <test started-at="2024-08-29T10:21:02 PDT" name="Default test" finished-at="2024-08-29T10:23:05 PDT" duration-ms="123165">
      <class name="appium.NetworkTesting">
        <test-method signature="testSpeed(int,int)[pri:0, instance:appium.NetworkTesting@45752059]" started-at="2024-08-29T10:21:02 PDT" name="testSpeed" data-provider="networkBandwidths" finished-at="2024-08-29T10:22:29 PDT" duration-ms="87251" status="PASS">
          <params>
            <param index="0">
              <value>
                <![CDATA[5000]]>
              </value>
            </param>
            <param index="1">
              <value>
                <![CDATA[5000]]>
              </value>
            </param>
          </params>
          <reporter-output>
          </reporter-output>
        </test-method> <!-- testSpeed -->
        <test-method signature="testSpeed(int,int)[pri:0, instance:appium.NetworkTesting@45752059]" started-at="2024-08-29T10:22:29 PDT" name="testSpeed" data-provider="networkBandwidths" finished-at="2024-08-29T10:23:02 PDT" duration-ms="33007" status="PASS">
          <params>
            <param index="0">
              <value>
                <![CDATA[10000]]>
              </value>
            </param>
            <param index="1">
              <value>
                <![CDATA[7000]]>
              </value>
            </param>
          </params>
          <reporter-output>
          </reporter-output>
        </test-method> <!-- testSpeed -->
        <test-method signature="testSpeed(int,int)[pri:0, instance:appium.NetworkTesting@45752059]" started-at="2024-08-29T10:23:02 PDT" name="testSpeed" data-provider="networkBandwidths" finished-at="2024-08-29T10:23:05 PDT" duration-ms="2805" status="PASS">
          <params>
            <param index="0">
              <value>
                <![CDATA[0]]>
              </value>
            </param>
            <param index="1">
              <value>
                <![CDATA[0]]>
              </value>
            </param>
          </params>
          <reporter-output>
          </reporter-output>
        </test-method> <!-- testSpeed -->
      </class> <!-- appium.NetworkTesting -->
    </test> <!-- Default test -->
  </suite> <!-- Default suite -->
</testng-results>
